[1111/163652.066:ERROR:directory_reader_win.cc(43)] FindFirstFile: Системе не удается найти указанный путь. (0x3)
[1111/172033.914:ERROR:directory_reader_win.cc(43)] FindFirstFile: Системе не удается найти указанный путь. (0x3)
[1111/185003.178:ERROR:process_memory_win.cc(73)] ReadMemory at 0x1c2f29fe390 of 72 bytes failed: Запрос ReadProcessMemory или WriteProcessMemory был выполнен только частично. (0x12B)
[1111/185003.179:WARNING:pe_image_annotations_reader.cc(135)] could not read annotations list object in C:\Program Files\Google\Chrome\Application\86.0.4240.193\chrome_elf.dll
[1111/185003.179:ERROR:process_memory_win.cc(73)] ReadMemory at 0x1c2f2a35000 of 72 bytes failed: Запрос ReadProcessMemory или WriteProcessMemory был выполнен только частично. (0x12B)
[1111/185003.179:WARNING:pe_image_annotations_reader.cc(135)] could not read annotations list object in C:\Program Files\Google\Chrome\Application\86.0.4240.193\chrome.dll
[1111/185003.180:ERROR:process_memory_win.cc(73)] ReadMemory at 0x1c2f4390000 of 64 bytes failed: Запрос ReadProcessMemory или WriteProcessMemory был выполнен только частично. (0x12B)
[1111/185003.180:WARNING:pe_image_reader.cc(340)] could not read dos header from C:\Windows\System32\IMM32.DLL
[1111/185003.180:ERROR:process_memory_win.cc(73)] ReadMemory at 0x1c2f43d0000 of 64 bytes failed: Запрос ReadProcessMemory или WriteProcessMemory был выполнен только частично. (0x12B)
[1111/185003.180:WARNING:pe_image_reader.cc(340)] could not read dos header from C:\Windows\System32\shlwapi.dll
[1111/185003.180:ERROR:process_memory_win.cc(73)] ReadMemory at 0x1c2f29fe390 of 72 bytes failed: Запрос ReadProcessMemory или WriteProcessMemory был выполнен только частично. (0x12B)
[1111/185003.180:WARNING:pe_image_annotations_reader.cc(135)] could not read annotations list object in C:\Program Files\Google\Chrome\Application\86.0.4240.193\chrome_elf.dll
[1111/185003.180:ERROR:process_memory_win.cc(73)] ReadMemory at 0x1c2f2a35000 of 72 bytes failed: Запрос ReadProcessMemory или WriteProcessMemory был выполнен только частично. (0x12B)
[1111/185003.180:WARNING:pe_image_annotations_reader.cc(135)] could not read annotations list object in C:\Program Files\Google\Chrome\Application\86.0.4240.193\chrome.dll
[1111/185003.180:ERROR:process_memory_win.cc(73)] ReadMemory at 0x1c2f4390000 of 64 bytes failed: Запрос ReadProcessMemory или WriteProcessMemory был выполнен только частично. (0x12B)
[1111/185003.181:WARNING:pe_image_reader.cc(340)] could not read dos header from C:\Windows\System32\IMM32.DLL
[1111/185003.181:ERROR:process_memory_win.cc(73)] ReadMemory at 0x1c2f43d0000 of 64 bytes failed: Запрос ReadProcessMemory или WriteProcessMemory был выполнен только частично. (0x12B)
[1111/185003.181:WARNING:pe_image_reader.cc(340)] could not read dos header from C:\Windows\System32\shlwapi.dll
[1111/185003.198:ERROR:process_memory_win.cc(73)] ReadMemory at 0x8e9beb000 of 86016 bytes failed: Запрос ReadProcessMemory или WriteProcessMemory был выполнен только частично. (0x12B)
[1111/185003.198:ERROR:process_memory_win.cc(73)] ReadMemory at 0x8ea3fe000 of 8192 bytes failed: Запрос ReadProcessMemory или WriteProcessMemory был выполнен только частично. (0x12B)
[1111/185003.199:ERROR:process_memory_win.cc(73)] ReadMemory at 0x8eabfa000 of 24576 bytes failed: Запрос ReadProcessMemory или WriteProcessMemory был выполнен только частично. (0x12B)
[1111/185003.199:ERROR:process_memory_win.cc(73)] ReadMemory at 0x8eb3fe000 of 8192 bytes failed: Запрос ReadProcessMemory или WriteProcessMemory был выполнен только частично. (0x12B)
[1111/185003.199:ERROR:process_memory_win.cc(73)] ReadMemory at 0x8ebbfc000 of 16384 bytes failed: Запрос ReadProcessMemory или WriteProcessMemory был выполнен только частично. (0x12B)
[1111/185003.199:ERROR:process_memory_win.cc(73)] ReadMemory at 0x8ec3f7000 of 36864 bytes failed: Запрос ReadProcessMemory или WriteProcessMemory был выполнен только частично. (0x12B)
[1111/185003.199:ERROR:process_memory_win.cc(73)] ReadMemory at 0x8ecbfe000 of 8192 bytes failed: Запрос ReadProcessMemory или WriteProcessMemory был выполнен только частично. (0x12B)
[1111/185003.199:ERROR:process_memory_win.cc(73)] ReadMemory at 0x8ed3fe000 of 8192 bytes failed: Запрос ReadProcessMemory или WriteProcessMemory был выполнен только частично. (0x12B)
[1111/185003.199:ERROR:process_memory_win.cc(73)] ReadMemory at 0x8edbfc000 of 16384 bytes failed: Запрос ReadProcessMemory или WriteProcessMemory был выполнен только частично. (0x12B)
[1111/185003.199:ERROR:process_memory_win.cc(73)] ReadMemory at 0x8eebfb000 of 20480 bytes failed: Запрос ReadProcessMemory или WriteProcessMemory был выполнен только частично. (0x12B)
[1111/185003.199:ERROR:process_memory_win.cc(73)] ReadMemory at 0x8ef3fa000 of 24576 bytes failed: Запрос ReadProcessMemory или WriteProcessMemory был выполнен только частично. (0x12B)
[1111/185003.200:ERROR:process_memory_win.cc(73)] ReadMemory at 0x8efbfb000 of 20480 bytes failed: Запрос ReadProcessMemory или WriteProcessMemory был выполнен только частично. (0x12B)
[1111/185003.200:ERROR:process_memory_win.cc(73)] ReadMemory at 0x8f03f6000 of 40960 bytes failed: Запрос ReadProcessMemory или WriteProcessMemory был выполнен только частично. (0x12B)
[1111/185003.200:ERROR:process_memory_win.cc(73)] ReadMemory at 0x8f0bf6000 of 40960 bytes failed: Запрос ReadProcessMemory или WriteProcessMemory был выполнен только частично. (0x12B)
[1111/185003.200:ERROR:process_memory_win.cc(73)] ReadMemory at 0x8f13f4000 of 49152 bytes failed: Запрос ReadProcessMemory или WriteProcessMemory был выполнен только частично. (0x12B)
[1111/185003.200:ERROR:process_memory_win.cc(73)] ReadMemory at 0x8f1bf8000 of 32768 bytes failed: Запрос ReadProcessMemory или WriteProcessMemory был выполнен только частично. (0x12B)
[1111/185003.200:ERROR:process_memory_win.cc(73)] ReadMemory at 0x8f23f4000 of 49152 bytes failed: Запрос ReadProcessMemory или WriteProcessMemory был выполнен только частично. (0x12B)
[1111/185003.200:ERROR:process_memory_win.cc(73)] ReadMemory at 0x8e9352000 of 852 bytes failed: Запрос ReadProcessMemory или WriteProcessMemory был выполнен только частично. (0x12B)
[1111/185003.200:ERROR:process_memory_win.cc(73)] ReadMemory at 0x8e9353000 of 6024 bytes failed: Запрос ReadProcessMemory или WriteProcessMemory был выполнен только частично. (0x12B)
[1111/185003.200:ERROR:process_memory_win.cc(73)] ReadMemory at 0x8e9355000 of 6024 bytes failed: Запрос ReadProcessMemory или WriteProcessMemory был выполнен только частично. (0x12B)
[1111/185003.200:ERROR:process_memory_win.cc(73)] ReadMemory at 0x8e9357000 of 6024 bytes failed: Запрос ReadProcessMemory или WriteProcessMemory был выполнен только частично. (0x12B)
[1111/185003.200:ERROR:process_memory_win.cc(73)] ReadMemory at 0x8e9359000 of 6024 bytes failed: Запрос ReadProcessMemory или WriteProcessMemory был выполнен только частично. (0x12B)
[1111/185003.201:ERROR:process_memory_win.cc(73)] ReadMemory at 0x8e935b000 of 6024 bytes failed: Запрос ReadProcessMemory или WriteProcessMemory был выполнен только частично. (0x12B)
[1111/185003.201:ERROR:process_memory_win.cc(73)] ReadMemory at 0x8e935d000 of 6024 bytes failed: Запрос ReadProcessMemory или WriteProcessMemory был выполнен только частично. (0x12B)
[1111/185003.201:ERROR:process_memory_win.cc(73)] ReadMemory at 0x8e935f000 of 6024 bytes failed: Запрос ReadProcessMemory или WriteProcessMemory был выполнен только частично. (0x12B)
[1111/185003.201:ERROR:process_memory_win.cc(73)] ReadMemory at 0x8e9361000 of 6024 bytes failed: Запрос ReadProcessMemory или WriteProcessMemory был выполнен только частично. (0x12B)
[1111/185003.201:ERROR:process_memory_win.cc(73)] ReadMemory at 0x8e9363000 of 6024 bytes failed: Запрос ReadProcessMemory или WriteProcessMemory был выполнен только частично. (0x12B)
[1111/185003.201:ERROR:process_memory_win.cc(73)] ReadMemory at 0x8e9367000 of 6024 bytes failed: Запрос ReadProcessMemory или WriteProcessMemory был выполнен только частично. (0x12B)
[1111/185003.201:ERROR:process_memory_win.cc(73)] ReadMemory at 0x8e9369000 of 6024 bytes failed: Запрос ReadProcessMemory или WriteProcessMemory был выполнен только частично. (0x12B)
[1111/185003.201:ERROR:process_memory_win.cc(73)] ReadMemory at 0x8e936b000 of 6024 bytes failed: Запрос ReadProcessMemory или WriteProcessMemory был выполнен только частично. (0x12B)
[1111/185003.201:ERROR:process_memory_win.cc(73)] ReadMemory at 0x8e936d000 of 6024 bytes failed: Запрос ReadProcessMemory или WriteProcessMemory был выполнен только частично. (0x12B)
[1111/185003.201:ERROR:process_memory_win.cc(73)] ReadMemory at 0x8e936f000 of 6024 bytes failed: Запрос ReadProcessMemory или WriteProcessMemory был выполнен только частично. (0x12B)
[1111/185003.201:ERROR:process_memory_win.cc(73)] ReadMemory at 0x8e9371000 of 6024 bytes failed: Запрос ReadProcessMemory или WriteProcessMemory был выполнен только частично. (0x12B)
[1111/185003.201:ERROR:process_memory_win.cc(73)] ReadMemory at 0x8e9373000 of 6024 bytes failed: Запрос ReadProcessMemory или WriteProcessMemory был выполнен только частично. (0x12B)
[1111/185003.201:ERROR:process_memory_win.cc(73)] ReadMemory at 0x8e9375000 of 6024 bytes failed: Запрос ReadProcessMemory или WriteProcessMemory был выполнен только частично. (0x12B)
[1111/185003.201:ERROR:process_memory_win.cc(73)] ReadMemory at 0x1c2f29c0d00 of 512 bytes failed: Запрос ReadProcessMemory или WriteProcessMemory был выполнен только частично. (0x12B)
[1111/185003.201:ERROR:process_memory_win.cc(73)] ReadMemory at 0x1c2f29c2b00 of 512 bytes failed: Запрос ReadProcessMemory или WriteProcessMemory был выполнен только частично. (0x12B)
[1111/185003.202:ERROR:process_memory_win.cc(73)] ReadMemory at 0x1c2f29f0fe0 of 5040 bytes failed: Запрос ReadProcessMemory или WriteProcessMemory был выполнен только частично. (0x12B)
[1111/185003.202:ERROR:process_memory_win.cc(73)] ReadMemory at 0x1c2f29f23a0 of 1012 bytes failed: Запрос ReadProcessMemory или WriteProcessMemory был выполнен только частично. (0x12B)
[1111/185003.202:ERROR:process_memory_win.cc(73)] ReadMemory at 0x1c2f29f29e8 of 106 bytes failed: Запрос ReadProcessMemory или WriteProcessMemory был выполнен только частично. (0x12B)
[1111/185003.202:ERROR:process_memory_win.cc(73)] ReadMemory at 0x1c2f29f2a54 of 1124 bytes failed: Запрос ReadProcessMemory или WriteProcessMemory был выполнен только частично. (0x12B)
[1111/185003.202:ERROR:process_memory_win.cc(73)] ReadMemory at 0x1c2f29f2eba of 106 bytes failed: Запрос ReadProcessMemory или WriteProcessMemory был выполнен только частично. (0x12B)
[1111/185003.202:ERROR:process_memory_win.cc(73)] ReadMemory at 0x1c2f29f2f26 of 96 bytes failed: Запрос ReadProcessMemory или WriteProcessMemory был выполнен только частично. (0x12B)
[1111/185003.202:ERROR:process_memory_win.cc(73)] ReadMemory at 0x1c2f29f2fa0 of 58 bytes failed: Запрос ReadProcessMemory или WriteProcessMemory был выполнен только частично. (0x12B)
[1111/185003.202:ERROR:process_memory_win.cc(73)] ReadMemory at 0x1c2f29f30a0 of 132 bytes failed: Запрос ReadProcessMemory или WriteProcessMemory был выполнен только частично. (0x12B)
[1111/185003.202:ERROR:process_memory_win.cc(73)] ReadMemory at 0x1c2f29f3230 of 132 bytes failed: Запрос ReadProcessMemory или WriteProcessMemory был выполнен только частично. (0x12B)
[1111/185003.203:ERROR:process_memory_win.cc(73)] ReadMemory at 0x1c2f29f33f0 of 114 bytes failed: Запрос ReadProcessMemory или WriteProcessMemory был выполнен только частично. (0x12B)
[1111/185003.203:ERROR:process_memory_win.cc(73)] ReadMemory at 0x1c2f29f38f0 of 132 bytes failed: Запрос ReadProcessMemory или WriteProcessMemory был выполнен только частично. (0x12B)
[1111/185003.203:ERROR:process_memory_win.cc(73)] ReadMemory at 0x1c2f29f3a80 of 64 bytes failed: Запрос ReadProcessMemory или WriteProcessMemory был выполнен только частично. (0x12B)
[1111/185003.203:ERROR:process_memory_win.cc(73)] ReadMemory at 0x1c2f29f3c30 of 132 bytes failed: Запрос ReadProcessMemory или WriteProcessMemory был выполнен только частично. (0x12B)
[1111/185003.203:ERROR:process_memory_win.cc(73)] ReadMemory at 0x1c2f29f3f00 of 132 bytes failed: Запрос ReadProcessMemory или WriteProcessMemory был выполнен только частично. (0x12B)
[1111/185003.203:ERROR:process_memory_win.cc(73)] ReadMemory at 0x1c2f29f4090 of 68 bytes failed: Запрос ReadProcessMemory или WriteProcessMemory был выполнен только частично. (0x12B)
[1111/185003.203:ERROR:process_memory_win.cc(73)] ReadMemory at 0x1c2f29f5210 of 132 bytes failed: Запрос ReadProcessMemory или WriteProcessMemory был выполнен только частично. (0x12B)
[1111/185003.203:ERROR:process_memory_win.cc(73)] ReadMemory at 0x1c2f29f5340 of 142 bytes failed: Запрос ReadProcessMemory или WriteProcessMemory был выполнен только частично. (0x12B)
[1111/185003.203:ERROR:process_memory_win.cc(73)] ReadMemory at 0x1c2f29f5a20 of 62 bytes failed: Запрос ReadProcessMemory или WriteProcessMemory был выполнен только частично. (0x12B)
[1111/185003.203:ERROR:process_memory_win.cc(73)] ReadMemory at 0x1c2f29f61b0 of 132 bytes failed: Запрос ReadProcessMemory или WriteProcessMemory был выполнен только частично. (0x12B)
[1111/185003.203:ERROR:process_memory_win.cc(73)] ReadMemory at 0x1c2f29f6340 of 60 bytes failed: Запрос ReadProcessMemory или WriteProcessMemory был выполнен только частично. (0x12B)
[1111/185003.203:ERROR:process_memory_win.cc(73)] ReadMemory at 0x1c2f29fe2a0 of 60 bytes failed: Запрос ReadProcessMemory или WriteProcessMemory был выполнен только частично. (0x12B)
[1111/185003.203:ERROR:process_memory_win.cc(73)] ReadMemory at 0x1c2f2a02c10 of 132 bytes failed: Запрос ReadProcessMemory или WriteProcessMemory был выполнен только частично. (0x12B)
[1111/185003.203:ERROR:process_memory_win.cc(73)] ReadMemory at 0x1c2f2a02d40 of 134 bytes failed: Запрос ReadProcessMemory или WriteProcessMemory был выполнен только частично. (0x12B)
[1111/185003.203:ERROR:process_memory_win.cc(73)] ReadMemory at 0x1c2f2a02df0 of 132 bytes failed: Запрос ReadProcessMemory или WriteProcessMemory был выполнен только частично. (0x12B)
[1111/185003.204:ERROR:process_memory_win.cc(73)] ReadMemory at 0x1c2f2a04110 of 80 bytes failed: Запрос ReadProcessMemory или WriteProcessMemory был выполнен только частично. (0x12B)
[1111/185003.204:ERROR:process_memory_win.cc(73)] ReadMemory at 0x1c2f2a05f60 of 132 bytes failed: Запрос ReadProcessMemory или WriteProcessMemory был выполнен только частично. (0x12B)
[1111/185003.204:ERROR:process_memory_win.cc(73)] ReadMemory at 0x1c2f2a06170 of 132 bytes failed: Запрос ReadProcessMemory или WriteProcessMemory был выполнен только частично. (0x12B)
[1111/185003.204:ERROR:process_memory_win.cc(73)] ReadMemory at 0x1c2f2a06490 of 132 bytes failed: Запрос ReadProcessMemory или WriteProcessMemory был выполнен только частично. (0x12B)
[1111/185003.204:ERROR:process_memory_win.cc(73)] ReadMemory at 0x1c2f2a066b0 of 132 bytes failed: Запрос ReadProcessMemory или WriteProcessMemory был выполнен только частично. (0x12B)
[1111/185003.204:ERROR:process_memory_win.cc(73)] ReadMemory at 0x1c2f2a06a00 of 132 bytes failed: Запрос ReadProcessMemory или WriteProcessMemory был выполнен только частично. (0x12B)
[1111/185003.204:ERROR:process_memory_win.cc(73)] ReadMemory at 0x1c2f2a06c60 of 132 bytes failed: Запрос ReadProcessMemory или WriteProcessMemory был выполнен только частично. (0x12B)
[1111/185003.207:ERROR:process_memory_win.cc(73)] ReadMemory at 0x1c2f2a06d90 of 132 bytes failed: Запрос ReadProcessMemory или WriteProcessMemory был выполнен только частично. (0x12B)
[1111/185003.207:ERROR:process_memory_win.cc(73)] ReadMemory at 0x1c2f2a06ec0 of 132 bytes failed: Запрос ReadProcessMemory или WriteProcessMemory был выполнен только частично. (0x12B)
[1111/185003.207:ERROR:process_memory_win.cc(73)] ReadMemory at 0x1c2f2a06ff0 of 132 bytes failed: Запрос ReadProcessMemory или WriteProcessMemory был выполнен только частично. (0x12B)
[1111/185003.207:ERROR:process_memory_win.cc(73)] ReadMemory at 0x1c2f2a07120 of 132 bytes failed: Запрос ReadProcessMemory или WriteProcessMemory был выполнен только частично. (0x12B)
[1111/185003.207:ERROR:process_memory_win.cc(73)] ReadMemory at 0x1c2f2a07250 of 132 bytes failed: Запрос ReadProcessMemory или WriteProcessMemory был выполнен только частично. (0x12B)
[1111/185003.207:ERROR:process_memory_win.cc(73)] ReadMemory at 0x1c2f2a07380 of 132 bytes failed: Запрос ReadProcessMemory или WriteProcessMemory был выполнен только частично. (0x12B)
[1111/185003.208:ERROR:process_memory_win.cc(73)] ReadMemory at 0x1c2f2a074b0 of 132 bytes failed: Запрос ReadProcessMemory или WriteProcessMemory был выполнен только частично. (0x12B)
[1111/185003.208:ERROR:process_memory_win.cc(73)] ReadMemory at 0x1c2f2a075e0 of 132 bytes failed: Запрос ReadProcessMemory или WriteProcessMemory был выполнен только частично. (0x12B)
[1111/185003.209:ERROR:process_memory_win.cc(73)] ReadMemory at 0x1c2f2a07710 of 132 bytes failed: Запрос ReadProcessMemory или WriteProcessMemory был выполнен только частично. (0x12B)
[1111/185003.209:ERROR:process_memory_win.cc(73)] ReadMemory at 0x1c2f2a07840 of 132 bytes failed: Запрос ReadProcessMemory или WriteProcessMemory был выполнен только частично. (0x12B)
[1111/185003.209:ERROR:process_memory_win.cc(73)] ReadMemory at 0x1c2f2a07970 of 132 bytes failed: Запрос ReadProcessMemory или WriteProcessMemory был выполнен только частично. (0x12B)
[1111/185003.209:ERROR:process_memory_win.cc(73)] ReadMemory at 0x1c2f2a07aa0 of 132 bytes failed: Запрос ReadProcessMemory или WriteProcessMemory был выполнен только частично. (0x12B)
[1111/185003.210:ERROR:process_memory_win.cc(73)] ReadMemory at 0x1c2f2a09cc0 of 132 bytes failed: Запрос ReadProcessMemory или WriteProcessMemory был выполнен только частично. (0x12B)
[1111/185003.210:ERROR:process_memory_win.cc(73)] ReadMemory at 0x1c2f2a09df0 of 132 bytes failed: Запрос ReadProcessMemory или WriteProcessMemory был выполнен только частично. (0x12B)
[1111/185003.210:ERROR:process_memory_win.cc(73)] ReadMemory at 0x1c2f2a0b080 of 64 bytes failed: Запрос ReadProcessMemory или WriteProcessMemory был выполнен только частично. (0x12B)
[1111/185003.210:ERROR:process_memory_win.cc(73)] ReadMemory at 0x1c2f2a0b120 of 62 bytes failed: Запрос ReadProcessMemory или WriteProcessMemory был выполнен только частично. (0x12B)
[1111/185003.210:ERROR:process_memory_win.cc(73)] ReadMemory at 0x1c2f2a0b2b0 of 62 bytes failed: Запрос ReadProcessMemory или WriteProcessMemory был выполнен только частично. (0x12B)
[1111/185003.210:ERROR:process_memory_win.cc(73)] ReadMemory at 0x1c2f2a0b350 of 64 bytes failed: Запрос ReadProcessMemory или WriteProcessMemory был выполнен только частично. (0x12B)
[1111/185003.210:ERROR:process_memory_win.cc(73)] ReadMemory at 0x1c2f2a0b3f0 of 64 bytes failed: Запрос ReadProcessMemory или WriteProcessMemory был выполнен только частично. (0x12B)
[1111/185003.210:ERROR:process_memory_win.cc(73)] ReadMemory at 0x1c2f2a0b440 of 58 bytes failed: Запрос ReadProcessMemory или WriteProcessMemory был выполнен только частично. (0x12B)
[1111/185003.210:ERROR:process_memory_win.cc(73)] ReadMemory at 0x1c2f2a0b490 of 62 bytes failed: Запрос ReadProcessMemory или WriteProcessMemory был выполнен только частично. (0x12B)
[1111/185003.210:ERROR:process_memory_win.cc(73)] ReadMemory at 0x1c2f2a0b6c0 of 64 bytes failed: Запрос ReadProcessMemory или WriteProcessMemory был выполнен только частично. (0x12B)
[1111/185003.210:ERROR:process_memory_win.cc(73)] ReadMemory at 0x1c2f2a0b760 of 62 bytes failed: Запрос ReadProcessMemory или WriteProcessMemory был выполнен только частично. (0x12B)
[1111/185003.210:ERROR:process_memory_win.cc(73)] ReadMemory at 0x1c2f2a0b7b0 of 60 bytes failed: Запрос ReadProcessMemory или WriteProcessMemory был выполнен только частично. (0x12B)
[1111/185003.211:ERROR:process_memory_win.cc(73)] ReadMemory at 0x1c2f2a0b850 of 62 bytes failed: Запрос ReadProcessMemory или WriteProcessMemory был выполнен только частично. (0x12B)
[1111/185003.211:ERROR:process_memory_win.cc(73)] ReadMemory at 0x1c2f2a0ba30 of 62 bytes failed: Запрос ReadProcessMemory или WriteProcessMemory был выполнен только частично. (0x12B)
[1111/185003.211:ERROR:process_memory_win.cc(73)] ReadMemory at 0x1c2f2a0bb20 of 60 bytes failed: Запрос ReadProcessMemory или WriteProcessMemory был выполнен только частично. (0x12B)
[1111/185003.211:ERROR:process_memory_win.cc(73)] ReadMemory at 0x1c2f2a0bb70 of 66 bytes failed: Запрос ReadProcessMemory или WriteProcessMemory был выполнен только частично. (0x12B)
[1111/185003.211:ERROR:process_memory_win.cc(73)] ReadMemory at 0x1c2f2a0bbc0 of 62 bytes failed: Запрос ReadProcessMemory или WriteProcessMemory был выполнен только частично. (0x12B)
[1111/185003.211:ERROR:process_memory_win.cc(73)] ReadMemory at 0x1c2f2a0bc10 of 64 bytes failed: Запрос ReadProcessMemory или WriteProcessMemory был выполнен только частично. (0x12B)
[1111/185003.211:ERROR:process_memory_win.cc(73)] ReadMemory at 0x1c2f2a0bd00 of 64 bytes failed: Запрос ReadProcessMemory или WriteProcessMemory был выполнен только частично. (0x12B)
[1111/185003.211:ERROR:process_memory_win.cc(73)] ReadMemory at 0x1c2f2a0bd50 of 64 bytes failed: Запрос ReadProcessMemory или WriteProcessMemory был выполнен только частично. (0x12B)
[1111/185003.211:ERROR:process_memory_win.cc(73)] ReadMemory at 0x1c2f2a0bdf0 of 60 bytes failed: Запрос ReadProcessMemory или WriteProcessMemory был выполнен только частично. (0x12B)
[1111/185003.211:ERROR:process_memory_win.cc(73)] ReadMemory at 0x1c2f2a0bee0 of 62 bytes failed: Запрос ReadProcessMemory или WriteProcessMemory был выполнен только частично. (0x12B)
[1111/185003.211:ERROR:process_memory_win.cc(73)] ReadMemory at 0x1c2f2a0bf30 of 62 bytes failed: Запрос ReadProcessMemory или WriteProcessMemory был выполнен только частично. (0x12B)
[1111/185003.211:ERROR:process_memory_win.cc(73)] ReadMemory at 0x1c2f2a11bc0 of 132 bytes failed: Запрос ReadProcessMemory или WriteProcessMemory был выполнен только частично. (0x12B)
[1111/185003.211:ERROR:process_memory_win.cc(73)] ReadMemory at 0x1c2f2a11cf0 of 132 bytes failed: Запрос ReadProcessMemory или WriteProcessMemory был выполнен только частично. (0x12B)
[1111/185003.211:ERROR:process_memory_win.cc(73)] ReadMemory at 0x1c2f2a11e20 of 132 bytes failed: Запрос ReadProcessMemory или WriteProcessMemory был выполнен только частично. (0x12B)
[1111/185003.211:ERROR:process_memory_win.cc(73)] ReadMemory at 0x1c2f2a11f50 of 132 bytes failed: Запрос ReadProcessMemory или WriteProcessMemory был выполнен только частично. (0x12B)
[1111/185003.211:ERROR:process_memory_win.cc(73)] ReadMemory at 0x1c2f2a12080 of 132 bytes failed: Запрос ReadProcessMemory или WriteProcessMemory был выполнен только частично. (0x12B)
[1111/185003.211:ERROR:process_memory_win.cc(73)] ReadMemory at 0x1c2f2a121b0 of 132 bytes failed: Запрос ReadProcessMemory или WriteProcessMemory был выполнен только частично. (0x12B)
[1111/185003.211:ERROR:process_memory_win.cc(73)] ReadMemory at 0x1c2f2a122e0 of 132 bytes failed: Запрос ReadProcessMemory или WriteProcessMemory был выполнен только частично. (0x12B)
[1111/185003.211:ERROR:process_memory_win.cc(73)] ReadMemory at 0x1c2f2a12540 of 132 bytes failed: Запрос ReadProcessMemory или WriteProcessMemory был выполнен только частично. (0x12B)
[1111/185003.211:ERROR:process_memory_win.cc(73)] ReadMemory at 0x1c2f2a12670 of 132 bytes failed: Запрос ReadProcessMemory или WriteProcessMemory был выполнен только частично. (0x12B)
[1111/185003.212:ERROR:process_memory_win.cc(73)] ReadMemory at 0x1c2f2a12a00 of 132 bytes failed: Запрос ReadProcessMemory или WriteProcessMemory был выполнен только частично. (0x12B)
[1111/185003.212:ERROR:process_memory_win.cc(73)] ReadMemory at 0x1c2f2a13380 of 132 bytes failed: Запрос ReadProcessMemory или WriteProcessMemory был выполнен только частично. (0x12B)
[1111/185003.212:ERROR:process_memory_win.cc(73)] ReadMemory at 0x1c2f2a134b0 of 132 bytes failed: Запрос ReadProcessMemory или WriteProcessMemory был выполнен только частично. (0x12B)
[1111/185003.212:ERROR:process_memory_win.cc(73)] ReadMemory at 0x1c2f2a13710 of 132 bytes failed: Запрос ReadProcessMemory или WriteProcessMemory был выполнен только частично. (0x12B)
[1111/185003.212:ERROR:process_memory_win.cc(73)] ReadMemory at 0x1c2f2a13970 of 132 bytes failed: Запрос ReadProcessMemory или WriteProcessMemory был выполнен только частично. (0x12B)
[1111/185003.212:ERROR:process_memory_win.cc(73)] ReadMemory at 0x1c2f2a16610 of 80 bytes failed: Запрос ReadProcessMemory или WriteProcessMemory был выполнен только частично. (0x12B)
[1111/185003.212:ERROR:process_memory_win.cc(73)] ReadMemory at 0x1c2f2a168b0 of 78 bytes failed: Запрос ReadProcessMemory или WriteProcessMemory был выполнен только частично. (0x12B)
[1111/185003.212:ERROR:process_memory_win.cc(73)] ReadMemory at 0x1c2f2a35050 of 62 bytes failed: Запрос ReadProcessMemory или WriteProcessMemory был выполнен только частично. (0x12B)
[1111/185003.212:ERROR:process_memory_win.cc(73)] ReadMemory at 0x1c2f2a351e0 of 60 bytes failed: Запрос ReadProcessMemory или WriteProcessMemory был выполнен только частично. (0x12B)
[1111/185003.212:ERROR:process_memory_win.cc(73)] ReadMemory at 0x1c2f2a35370 of 60 bytes failed: Запрос ReadProcessMemory или WriteProcessMemory был выполнен только частично. (0x12B)
[1111/185003.212:ERROR:process_memory_win.cc(73)] ReadMemory at 0x1c2f2a356e0 of 66 bytes failed: Запрос ReadProcessMemory или WriteProcessMemory был выполнен только частично. (0x12B)
[1111/185003.212:ERROR:process_memory_win.cc(73)] ReadMemory at 0x1c2f2a35870 of 62 bytes failed: Запрос ReadProcessMemory или WriteProcessMemory был выполнен только частично. (0x12B)
[1111/185003.212:ERROR:process_memory_win.cc(73)] ReadMemory at 0x1c2f2a35910 of 62 bytes failed: Запрос ReadProcessMemory или WriteProcessMemory был выполнен только частично. (0x12B)
[1111/185003.212:ERROR:process_memory_win.cc(73)] ReadMemory at 0x1c2f2a35960 of 58 bytes failed: Запрос ReadProcessMemory или WriteProcessMemory был выполнен только частично. (0x12B)
[1111/185003.212:ERROR:process_memory_win.cc(73)] ReadMemory at 0x1c2f2a359b0 of 60 bytes failed: Запрос ReadProcessMemory или WriteProcessMemory был выполнен только частично. (0x12B)
[1111/185003.212:ERROR:process_memory_win.cc(73)] ReadMemory at 0x1c2f2a35a00 of 58 bytes failed: Запрос ReadProcessMemory или WriteProcessMemory был выполнен только частично. (0x12B)
[1111/185003.212:ERROR:process_memory_win.cc(73)] ReadMemory at 0x1c2f2a35a50 of 56 bytes failed: Запрос ReadProcessMemory или WriteProcessMemory был выполнен только частично. (0x12B)
[1111/185003.212:ERROR:process_memory_win.cc(73)] ReadMemory at 0x1c2f2a6c240 of 512 bytes failed: Запрос ReadProcessMemory или WriteProcessMemory был выполнен только частично. (0x12B)
[1111/185003.212:ERROR:process_memory_win.cc(73)] ReadMemory at 0x1c2f2a6cbc0 of 640 bytes failed: Запрос ReadProcessMemory или WriteProcessMemory был выполнен только частично. (0x12B)
[1111/185003.213:ERROR:process_memory_win.cc(73)] ReadMemory at 0x1c2f2a763a0 of 512 bytes failed: Запрос ReadProcessMemory или WriteProcessMemory был выполнен только частично. (0x12B)
[1111/185003.213:ERROR:process_memory_win.cc(73)] ReadMemory at 0x1c2f2a7a900 of 512 bytes failed: Запрос ReadProcessMemory или WriteProcessMemory был выполнен только частично. (0x12B)
[1111/185003.213:ERROR:process_memory_win.cc(73)] ReadMemory at 0x1c2f2a974a0 of 512 bytes failed: Запрос ReadProcessMemory или WriteProcessMemory был выполнен только частично. (0x12B)
[1111/185003.213:ERROR:process_memory_win.cc(73)] ReadMemory at 0x1c2f2a9d350 of 512 bytes failed: Запрос ReadProcessMemory или WriteProcessMemory был выполнен только частично. (0x12B)
[1111/185003.213:ERROR:process_memory_win.cc(73)] ReadMemory at 0x1c2f2aa7760 of 712 bytes failed: Запрос ReadProcessMemory или WriteProcessMemory был выполнен только частично. (0x12B)
[1111/185003.213:ERROR:process_memory_win.cc(73)] ReadMemory at 0x1c2f2ac6e70 of 512 bytes failed: Запрос ReadProcessMemory или WriteProcessMemory был выполнен только частично. (0x12B)
[1111/185003.213:ERROR:process_memory_win.cc(73)] ReadMemory at 0x1c2f4554580 of 512 bytes failed: Запрос ReadProcessMemory или WriteProcessMemory был выполнен только частично. (0x12B)
[1111/185003.213:ERROR:process_memory_win.cc(73)] ReadMemory at 0x1c2f455c020 of 512 bytes failed: Запрос ReadProcessMemory или WriteProcessMemory был выполнен только частично. (0x12B)
[1111/185003.213:ERROR:process_memory_win.cc(73)] ReadMemory at 0x1c2f464ba70 of 512 bytes failed: Запрос ReadProcessMemory или WriteProcessMemory был выполнен только частично. (0x12B)
[1111/185003.213:ERROR:process_memory_win.cc(73)] ReadMemory at 0x1c2f4be2320 of 512 bytes failed: Запрос ReadProcessMemory или WriteProcessMemory был выполнен только частично. (0x12B)
[1111/185003.213:ERROR:process_memory_win.cc(73)] ReadMemory at 0x1c2f4be2720 of 512 bytes failed: Запрос ReadProcessMemory или WriteProcessMemory был выполнен только частично. (0x12B)
[1111/185003.213:ERROR:process_memory_win.cc(73)] ReadMemory at 0x1c2f4be29a0 of 512 bytes failed: Запрос ReadProcessMemory или WriteProcessMemory был выполнен только частично. (0x12B)
[1111/185003.213:ERROR:process_memory_win.cc(73)] ReadMemory at 0x1c2f5066260 of 528 bytes failed: Запрос ReadProcessMemory или WriteProcessMemory был выполнен только частично. (0x12B)
[1111/185003.213:ERROR:process_memory_win.cc(73)] ReadMemory at 0x1c2f5149b40 of 608 bytes failed: Запрос ReadProcessMemory или WriteProcessMemory был выполнен только частично. (0x12B)
[1111/185003.213:ERROR:process_memory_win.cc(73)] ReadMemory at 0x1c2f5189890 of 512 bytes failed: Запрос ReadProcessMemory или WriteProcessMemory был выполнен только частично. (0x12B)
[1111/185003.213:ERROR:process_memory_win.cc(73)] ReadMemory at 0x1c2f51a2980 of 512 bytes failed: Запрос ReadProcessMemory или WriteProcessMemory был выполнен только частично. (0x12B)
[1111/185003.213:ERROR:process_memory_win.cc(73)] ReadMemory at 0x1c2f5ad9498 of 512 bytes failed: Запрос ReadProcessMemory или WriteProcessMemory был выполнен только частично. (0x12B)
[1111/185003.213:ERROR:process_memory_win.cc(73)] ReadMemory at 0x1c2f5d21881 of 512 bytes failed: Запрос ReadProcessMemory или WriteProcessMemory был выполнен только частично. (0x12B)
[1111/185003.215:ERROR:scoped_process_suspend.cc(40)] NtResumeProcess: Попытка доступа к процессу, выполняющему процедуру завершения. (0xc000010a)
[1111/185003.216:ERROR:filesystem_win.cc(129)] GetFileAttributes C:\Users\yaros\AppData\Local\Temp\scoped_dir14980_591698818\Crashpad\attachments\3ba32ac7-fa35-42e3-ac18-2f950099e32e: Системе не удается найти указанный путь. (0x3)
[1111/185316.698:ERROR:directory_reader_win.cc(43)] FindFirstFile: Системе не удается найти указанный путь. (0x3)
[1111/185701.105:ERROR:scoped_process_suspend.cc(40)] NtResumeProcess: Попытка доступа к процессу, выполняющему процедуру завершения. (0xc000010a)
[1111/185701.106:ERROR:filesystem_win.cc(129)] GetFileAttributes C:\Users\yaros\AppData\Local\Temp\scoped_dir13076_913232734\Crashpad\attachments\54ae91dc-4a2a-4f66-a9a5-8a9b33f01265: Системе не удается найти указанный путь. (0x3)
[1111/192653.095:ERROR:directory_reader_win.cc(43)] FindFirstFile: Системе не удается найти указанный путь. (0x3)
[1111/193136.546:ERROR:directory_reader_win.cc(43)] FindFirstFile: Системе не удается найти указанный путь. (0x3)
